### Step 1: **Identifying Performance Bottlenecks Using `EXPLAIN ANALYZE`**

The first step in continuously monitoring and refining database performance is to analyze query execution plans for frequently used queries. The most common tools for this are `EXPLAIN` and `EXPLAIN ANALYZE` (for PostgreSQL), or `SHOW PROFILE` (for MySQL). These tools help you identify any inefficiencies in your queries, such as full table scans, missing indexes, or excessive row scans.

Letâ€™s start by analyzing a frequently used query and identifying potential bottlenecks.

### Step 2: **Example Query for Analysis**

Let's assume you have a frequently used query that retrieves all bookings along with user, property, and payment details. Here's the query we'll use as an example:

```sql
SELECT
    b.booking_id,
    b.start_date,
    b.end_date,
    b.total_price AS booking_total_price,
    b.status AS booking_status,
    u.user_id,
    u.first_name AS user_first_name,
    u.last_name AS user_last_name,
    u.email AS user_email,
    p.property_id,
    p.name AS property_name,
    p.location AS property_location,
    p.pricepernight AS property_price_per_night,
    pay.payment_id,
    pay.amount AS payment_amount,
    pay.payment_method AS payment_method,
    pay.payment_date AS payment_date
FROM
    Booking b
JOIN
    User u ON b.user_id = u.user_id
JOIN
    Property p ON b.property_id = p.property_id
LEFT JOIN
    Payment pay ON b.booking_id = pay.booking_id
WHERE
    b.start_date BETWEEN '2024-01-01' AND '2024-12-31'
ORDER BY
    b.start_date DESC;
```

### Step 3: **Analyzing the Query Using `EXPLAIN ANALYZE`**

#### For PostgreSQL

In PostgreSQL, you can use `EXPLAIN ANALYZE` to get a detailed breakdown of the query execution plan, including the time spent on each step and how many rows are processed. Here's how you would use it:

```sql
EXPLAIN ANALYZE 
SELECT
    b.booking_id,
    b.start_date,
    b.end_date,
    b.total_price AS booking_total_price,
    b.status AS booking_status,
    u.user_id,
    u.first_name AS user_first_name,
    u.last_name AS user_last_name,
    u.email AS user_email,
    p.property_id,
    p.name AS property_name,
    p.location AS property_location,
    p.pricepernight AS property_price_per_night,
    pay.payment_id,
    pay.amount AS payment_amount,
    pay.payment_method AS payment_method,
    pay.payment_date AS payment_date
FROM
    Booking b
JOIN
    User u ON b.user_id = u.user_id
JOIN
    Property p ON b.property_id = p.property_id
LEFT JOIN
    Payment pay ON b.booking_id = pay.booking_id
WHERE
    b.start_date BETWEEN '2024-01-01' AND '2024-12-31'
ORDER BY
    b.start_date DESC;
```

#### For MySQL

In MySQL, the equivalent command would be:

```sql
SHOW PROFILE FOR QUERY <query_id>;
```

To obtain the `query_id`, first execute the query with `SHOW PROFILES`:

```sql
SHOW PROFILES;
```

Afterward, you can analyze the profile for the specific query ID.

#### Example of PostgreSQL `EXPLAIN ANALYZE` Output

```plaintext
                                                           QUERY PLAN
---------------------------------------------------------------------------------------------------------------------------
 Sort  (cost=112.46..113.51 rows=1000 width=141) (actual time=12.367..12.542 rows=1000 loops=1)
   Sort Key: b.start_date DESC
   Sort Method: quicksort  Memory: 113kB
   ->  Hash Join  (cost=49.56..87.91 rows=1000 width=141) (actual time=4.225..8.418 rows=1000 loops=1)
         Hash Cond: (b.property_id = p.property_id)
         ->  Hash Join  (cost=15.33..47.74 rows=1000 width=117) (actual time=2.309..4.724 rows=1000 loops=1)
               Hash Cond: (b.user_id = u.user_id)
               ->  Seq Scan on Booking b  (cost=0.00..29.94 rows=1000 width=81) (actual time=0.017..0.604 rows=1000 loops=1)
                     Filter: (start_date >= '2024-01-01'::date)
               ->  Hash  (cost=10.99..10.99 rows=50 width=38) (actual time=0.115..0.116 rows=50 loops=1)
                     Buckets: 1024  Batches: 1  Memory Usage: 6kB
                     ->  Seq Scan on User u  (cost=0.00..10.99 rows=50 width=38) (actual time=0.013..0.092 rows=50 loops=1)
         ->  Hash  (cost=17.50..17.50 rows=50 width=24) (actual time=1.034..1.035 rows=50 loops=1)
               Buckets: 1024  Batches: 1  Memory Usage: 6kB
               ->  Seq Scan on Property p  (cost=0.00..17.50 rows=50 width=24) (actual time=0.008..0.174 rows=50 loops=1)
         ->  Hash  (cost=0.00..0.00 rows=1 width=16) (actual time=0.063..0.064 rows=1 loops=1)
               ->  Seq Scan on Payment pay  (cost=0.00..0.00 rows=1 width=16) (actual time=0.058..0.058 rows=1 loops=1)
 Planning Time: 0.098 ms
 Execution Time: 13.245 ms
```

#### Observations:

1. **Full Table Scans**: 
   - `Booking`, `User`, and `Property` tables are being scanned sequentially. For example, the `Booking` table is being scanned with a `Seq Scan` (sequential scan).
   - `Seq Scan` is inefficient for large tables, and this can be a bottleneck, especially if the table is large.
   
2. **Join Operations**: 
   - The query is performing **Hash Joins** on `Booking` with `User` and `Property`. Hash joins are good for certain cases but can be slow when the tables are large.
   
3. **Sorting**:
   - Sorting the results by `start_date DESC` requires additional time (around 12ms in this example).
   
4. **Filter on `start_date`**:
   - The query filters on `start_date` between `'2024-01-01'` and `'2024-12-31'`. A **range filter** is a candidate for indexing, but `Seq Scan` suggests that no suitable index exists.

### Step 4: **Identifying the Bottlenecks**

From the `EXPLAIN ANALYZE` output, the main bottlenecks are:
1. **Full Table Scans** (`Seq Scan` on large tables).
2. **Missing Indexes**: There are no indexes to speed up filtering on `start_date`, `user_id`, or `property_id`.
3. **Sorting**: Sorting by `start_date DESC` is consuming time because of the lack of indexing on `start_date`.

### Step 5: **Suggested Changes**

To improve performance, we can:
1. **Add Indexes**:
   - Add a **composite index** on the `start_date` and `user_id` columns in the **Booking** table to speed up filtering and joining.
   - Create indexes on `user_id` and `property_id` if they aren't already indexed, to speed up the joins.
   - Create an index on `start_date` for the **Booking** table to optimize the range filter and sorting.

2. **Consider Partitioning**:
   - If the **Booking** table is very large, consider partitioning it by `start_date` (as we did previously).

### Step 6: **Implementing Changes**

#### Add Indexes:

```sql
-- Create an index on start_date and user_id in the Booking table
CREATE INDEX idx_booking_start_date_user_id ON Booking (start_date, user_id);

-- Create an index on property_id in the Booking table
CREATE INDEX idx_booking_property_id ON Booking (property_id);

-- Create an index on start_date for faster sorting and filtering
CREATE INDEX idx_booking_start_date ON Booking (start_date);
```

#### (Optional) Partitioning:

If you haven't partitioned the `Booking` table yet, here's the SQL for partitioning based on `start_date`.

```sql
CREATE TABLE Booking_partitioned (
    booking_id UUID PRIMARY KEY,
    user_id UUID NOT NULL,
    property_id UUID NOT NULL,
    start_date DATE NOT NULL,
    end_date DATE NOT NULL,
    total_price DECIMAL(10, 2) NOT NULL,
    status ENUM('pending', 'confirmed', 'canceled') NOT NULL,
    created_at TIMESTAMP DEFAULT CURRENT_TIMESTAMP,
    FOREIGN KEY (user_id) REFERENCES User(user_id),
    FOREIGN KEY (property_id) REFERENCES Property(property_id)
)
PARTITION BY RANGE (YEAR(start_date)) (
    PARTITION p_2020 VALUES LESS THAN (2021),
    PART

ITION p_2021 VALUES LESS THAN (2022),
    PARTITION p_2022 VALUES LESS THAN (2023),
    PARTITION p_2023 VALUES LESS THAN (2024),
    PARTITION p_2024 VALUES LESS THAN (2025)
);
```

### Step 7: **Measuring Improvements**

Once the changes are applied, run the same query again with `EXPLAIN ANALYZE` and compare the performance.

For instance, the execution time should decrease significantly after adding the indexes. Look for:
- **Reduced I/O**: The query should not be doing full table scans.
- **Faster Sorting**: Sorting should be faster if the `start_date` column is indexed.

```sql
EXPLAIN ANALYZE 
SELECT
    b.booking_id,
    b.start_date,
    b.end_date,
    b.total_price AS booking_total_price,
    b.status AS booking_status,
    u.user_id,
    u.first_name AS user_first_name,
    u.last_name AS user_last_name,
    u.email AS user_email,
    p.property_id,
    p.name AS property_name,
    p.location AS property_location,
    p.pricepernight AS property_price_per_night,
    pay.payment_id,
    pay.amount AS payment_amount,
    pay.payment_method AS payment_method,
    pay.payment_date AS payment_date
FROM
    Booking b
JOIN
    User u ON b.user_id = u.user_id
JOIN
    Property p ON b.property_id = p.property_id
LEFT JOIN
    Payment pay ON b.booking_id = pay.booking_id
WHERE
    b.start_date BETWEEN '2024-01-01' AND '2024-12-31'
ORDER BY
    b.start_date DESC;
```

### Step 8: **Conclusion**

By adding indexes and potentially partitioning the table, query performance should improve significantly, particularly for date range queries. The bottlenecks due to full table scans and sorting will be reduced, and the query should execute faster.

**Key Steps Taken:**
1. Analyzed the query using `EXPLAIN ANALYZE`.
2. Identified performance bottlenecks like full table scans, missing indexes, and inefficient sorting.
3. Suggested and implemented optimizations like adding indexes and partitioning.
4. Measured performance improvements using `EXPLAIN ANALYZE`. 

This continuous monitoring and refinement process helps maintain good database performance as the system scales.